time : 2019-12-09 12:10:33 [INFO]
message : BLOG_CODE=NV, user_id=00cys, number_of_posts=948, processing_time=0:4:29

time : 2019-12-09 12:17:48 [INFO]
message : BLOG_CODE=NV, user_id=00starhyunju, number_of_posts=1315, processing_time=0:7:15

time : 2019-12-09 12:22:09 [INFO]
message : BLOG_CODE=NV, user_id=00sweetlove, number_of_posts=350, processing_time=0:4:20

time : 2019-12-09 12:22:20 [INFO]
message : BLOG_CODE=NV, NoSuchElementExceptionMessage: no such element: Unable to locate element: {"method":"xpath","selector":"//*[@id="category-name"]/div/table[2]/tbody/tr/td[2]/div/h4"}
  (Session info: headless chrome=78.0.3904.108)
  (Driver info: chromedriver=2.35.528161 (5b82f2d2aae0ca24b877009200ced9065a772e73),platform=Windows NT 10.0.18362 x86_64)


time : 2019-12-09 12:28:42 [INFO]
message : BLOG_CODE=NV, user_id=0122kj, number_of_posts=1273, processing_time=0:6:22

time : 2019-12-09 12:29:19 [INFO]
message : BLOG_CODE=NV, user_id=051artestudio, number_of_posts=36, processing_time=0:0:37

time : 2019-12-09 12:49:00 [INFO]
message : BLOG_CODE=NV, user_id=0807twins, number_of_posts=4332, processing_time=0:19:40

time : 2019-12-09 12:51:15 [INFO]
message : BLOG_CODE=NV, user_id=119dud, number_of_posts=352, processing_time=0:2:15

time : 2019-12-09 13:05:01 [INFO]
message : BLOG_CODE=NV, user_id=17hyosang, number_of_posts=1756, processing_time=0:13:45

