time : 2019-12-05 13:47:10 [INFO]
filename : util.py
module_name : util
func_name : info_msg
line : 196
message : user_id : hyunee- / number_of_posts : 54 / processing_time : 0시간 0분 19


time : 2019-12-05 13:47:34 [INFO]
filename : util.py
module_name : util
func_name : info_msg
line : 196
message : user_id : parkseokwang / number_of_posts : 76 / processing_time : 0시간 0분 23


time : 2019-12-05 13:48:05 [INFO]
filename : util.py
module_name : util
func_name : info_msg
line : 196
message : user_id : lottelim / number_of_posts : 89 / processing_time : 0시간 0분 31


time : 2019-12-05 13:49:23 [INFO]
filename : util.py
module_name : util
func_name : info_msg
line : 196
message : user_id : agerio100 / number_of_posts : 210 / processing_time : 0시간 1분 18


time : 2019-12-05 13:52:02 [INFO]
filename : util.py
module_name : util
func_name : info_msg
line : 196
message : user_id : yuyu02me / number_of_posts : 231 / processing_time : 0시간 2분 38


time : 2019-12-05 13:52:02 [INFO]
filename : util.py
module_name : util
func_name : info_msg
line : 196
message : number_of_user_id : 5 / number_of__all_posts : 660 / processing_time : 0시간 5분 11 


time : 2019-12-05 13:58:57 [INFO]
filename : util.py
module_name : util
func_name : info_msg
line : 196
message : user_id : hyunee- / number_of_posts : 54 / processing_time : 0시간 0분 18


time : 2019-12-05 13:59:20 [INFO]
filename : util.py
module_name : util
func_name : info_msg
line : 196
message : user_id : parkseokwang / number_of_posts : 76 / processing_time : 0시간 0분 22


time : 2019-12-05 13:59:52 [INFO]
filename : util.py
module_name : util
func_name : info_msg
line : 196
message : user_id : lottelim / number_of_posts : 89 / processing_time : 0시간 0분 32


time : 2019-12-05 14:01:06 [INFO]
filename : util.py
module_name : util
func_name : info_msg
line : 196
message : user_id : agerio100 / number_of_posts : 210 / processing_time : 0시간 1분 14


time : 2019-12-05 14:03:40 [INFO]
filename : util.py
module_name : util
func_name : info_msg
line : 196
message : user_id : yuyu02me / number_of_posts : 231 / processing_time : 0시간 2분 33


time : 2019-12-05 14:03:40 [INFO]
filename : util.py
module_name : util
func_name : info_msg
line : 196
message : number_of_user_id : 5 / number_of__all_posts : 660 / processing_time : 0시간 5분 1 


time : 2019-12-05 14:30:02 [INFO]
filename : util.py
module_name : util
func_name : info_msg
line : 196
message : user_id : hyunee- / number_of_posts : 54 / processing_time : 0시간 0분 20


time : 2019-12-05 14:30:25 [INFO]
filename : util.py
module_name : util
func_name : info_msg
line : 196
message : user_id : parkseokwang / number_of_posts : 76 / processing_time : 0시간 0분 22


time : 2019-12-05 14:30:58 [INFO]
filename : util.py
module_name : util
func_name : info_msg
line : 196
message : user_id : lottelim / number_of_posts : 89 / processing_time : 0시간 0분 32


time : 2019-12-05 14:32:12 [INFO]
filename : util.py
module_name : util
func_name : info_msg
line : 196
message : user_id : agerio100 / number_of_posts : 210 / processing_time : 0시간 1분 14


time : 2019-12-05 14:34:47 [INFO]
filename : util.py
module_name : util
func_name : info_msg
line : 196
message : user_id : yuyu02me / number_of_posts : 231 / processing_time : 0시간 2분 35


time : 2019-12-05 14:34:47 [INFO]
filename : util.py
module_name : util
func_name : info_msg
line : 196
message : number_of_user_id : 5 / number_of__all_posts : 660 / processing_time : 0시간 5분 5 


