time : 2019-12-05 13:52:04 [INFO]
filename : util.py
module_name : util
func_name : info_msg
line : 196
message : user_id : hbj122 / number_of_posts : 8 / processing_time : 0시간 0분 2


time : 2019-12-05 13:52:43 [INFO]
filename : util.py
module_name : util
func_name : info_msg
line : 196
message : user_id : heomy66 / number_of_posts : 225 / processing_time : 0시간 0분 38


time : 2019-12-05 13:53:22 [INFO]
filename : util.py
module_name : util
func_name : info_msg
line : 196
message : user_id : 4mahp / number_of_posts : 264 / processing_time : 0시간 0분 39


time : 2019-12-05 13:53:32 [INFO]
filename : util.py
module_name : util
func_name : info_msg
line : 196
message : user_id : zkzkdhxhr090 / number_of_posts : 69 / processing_time : 0시간 0분 9


time : 2019-12-05 13:53:35 [INFO]
filename : util.py
module_name : util
func_name : info_msg
line : 196
message : user_id : elshelre / number_of_posts : 23 / processing_time : 0시간 0분 3


time : 2019-12-05 13:53:35 [INFO]
filename : util.py
module_name : util
func_name : info_msg
line : 196
message : number_of_user_id : 5 / number_of__all_posts : 589 / processing_time : 0시간 1분 33 


time : 2019-12-05 14:03:41 [INFO]
filename : util.py
module_name : util
func_name : info_msg
line : 196
message : user_id : hbj122 / number_of_posts : 8 / processing_time : 0시간 0분 1


time : 2019-12-05 14:04:14 [INFO]
filename : util.py
module_name : util
func_name : info_msg
line : 196
message : user_id : heomy66 / number_of_posts : 225 / processing_time : 0시간 0분 33


time : 2019-12-05 14:04:45 [INFO]
filename : util.py
module_name : util
func_name : info_msg
line : 196
message : user_id : 4mahp / number_of_posts : 264 / processing_time : 0시간 0분 30


time : 2019-12-05 14:04:53 [INFO]
filename : util.py
module_name : util
func_name : info_msg
line : 196
message : user_id : zkzkdhxhr090 / number_of_posts : 69 / processing_time : 0시간 0분 7


time : 2019-12-05 14:04:56 [INFO]
filename : util.py
module_name : util
func_name : info_msg
line : 196
message : user_id : elshelre / number_of_posts : 23 / processing_time : 0시간 0분 3


time : 2019-12-05 14:04:56 [INFO]
filename : util.py
module_name : util
func_name : info_msg
line : 196
message : number_of_user_id : 5 / number_of__all_posts : 589 / processing_time : 0시간 1분 16 


time : 2019-12-05 14:34:50 [INFO]
filename : util.py
module_name : util
func_name : info_msg
line : 196
message : user_id : hbj122 / number_of_posts : 8 / processing_time : 0시간 0분 2


time : 2019-12-05 14:35:35 [INFO]
filename : util.py
module_name : util
func_name : info_msg
line : 196
message : user_id : heomy66 / number_of_posts : 225 / processing_time : 0시간 0분 45


time : 2019-12-05 14:36:19 [INFO]
filename : util.py
module_name : util
func_name : info_msg
line : 196
message : user_id : 4mahp / number_of_posts : 264 / processing_time : 0시간 0분 43


time : 2019-12-05 14:36:32 [INFO]
filename : util.py
module_name : util
func_name : info_msg
line : 196
message : user_id : zkzkdhxhr090 / number_of_posts : 69 / processing_time : 0시간 0분 13


time : 2019-12-05 14:36:37 [INFO]
filename : util.py
module_name : util
func_name : info_msg
line : 196
message : user_id : elshelre / number_of_posts : 23 / processing_time : 0시간 0분 4


time : 2019-12-05 14:36:37 [INFO]
filename : util.py
module_name : util
func_name : info_msg
line : 196
message : number_of_user_id : 5 / number_of__all_posts : 589 / processing_time : 0시간 1분 49 


