time : 2019-12-05 13:56:05 [INFO]
filename : util.py
module_name : util
func_name : info_msg
line : 196
message : user_id : 354796215 / number_of_posts : 81 / processing_time : 0시간 0분 13


time : 2019-12-05 13:56:07 [INFO]
filename : util.py
module_name : util
func_name : info_msg
line : 196
message : user_id : 4in1 / number_of_posts : 4 / processing_time : 0시간 0분 1


time : 2019-12-05 13:56:07 [INFO]
filename : util.py
module_name : util
func_name : info_msg
line : 196
message : user_id : all-that-review / number_of_posts : 0 / processing_time : 0시간 0분 0


time : 2019-12-05 13:56:12 [INFO]
filename : util.py
module_name : util
func_name : info_msg
line : 196
message : user_id : alrangbbangu / number_of_posts : 36 / processing_time : 0시간 0분 5


time : 2019-12-05 13:56:17 [INFO]
filename : util.py
module_name : util
func_name : info_msg
line : 196
message : user_id : always-ohy / number_of_posts : 1 / processing_time : 0시간 0분 5


time : 2019-12-05 13:56:17 [INFO]
filename : util.py
module_name : util
func_name : info_msg
line : 196
message : number_of_user_id : 5 / number_of__all_posts : 122 / processing_time : 0시간 0분 25 


time : 2019-12-05 14:07:26 [INFO]
filename : util.py
module_name : util
func_name : info_msg
line : 196
message : user_id : 354796215 / number_of_posts : 81 / processing_time : 0시간 0분 13


time : 2019-12-05 14:07:28 [INFO]
filename : util.py
module_name : util
func_name : info_msg
line : 196
message : user_id : 4in1 / number_of_posts : 4 / processing_time : 0시간 0분 1


time : 2019-12-05 14:07:28 [INFO]
filename : util.py
module_name : util
func_name : info_msg
line : 196
message : user_id : all-that-review / number_of_posts : 0 / processing_time : 0시간 0분 0


time : 2019-12-05 14:07:33 [INFO]
filename : util.py
module_name : util
func_name : info_msg
line : 196
message : user_id : alrangbbangu / number_of_posts : 36 / processing_time : 0시간 0분 4


time : 2019-12-05 14:07:38 [INFO]
filename : util.py
module_name : util
func_name : info_msg
line : 196
message : user_id : always-ohy / number_of_posts : 1 / processing_time : 0시간 0분 5


time : 2019-12-05 14:07:38 [INFO]
filename : util.py
module_name : util
func_name : info_msg
line : 196
message : number_of_user_id : 5 / number_of__all_posts : 122 / processing_time : 0시간 0분 25 


time : 2019-12-05 14:39:04 [INFO]
filename : util.py
module_name : util
func_name : info_msg
line : 196
message : user_id : 354796215 / number_of_posts : 81 / processing_time : 0시간 0분 14


time : 2019-12-05 14:39:06 [INFO]
filename : util.py
module_name : util
func_name : info_msg
line : 196
message : user_id : 4in1 / number_of_posts : 4 / processing_time : 0시간 0분 1


time : 2019-12-05 14:39:06 [INFO]
filename : util.py
module_name : util
func_name : info_msg
line : 196
message : user_id : all-that-review / number_of_posts : 0 / processing_time : 0시간 0분 0


time : 2019-12-05 14:39:11 [INFO]
filename : util.py
module_name : util
func_name : info_msg
line : 196
message : user_id : alrangbbangu / number_of_posts : 36 / processing_time : 0시간 0분 4


time : 2019-12-05 14:39:17 [INFO]
filename : util.py
module_name : util
func_name : info_msg
line : 196
message : user_id : always-ohy / number_of_posts : 1 / processing_time : 0시간 0분 5


time : 2019-12-05 14:39:17 [INFO]
filename : util.py
module_name : util
func_name : info_msg
line : 196
message : number_of_user_id : 5 / number_of__all_posts : 122 / processing_time : 0시간 0분 27 


